<?xml version="1.0" encoding="UTF-8"?>
<!-- Generated by org.testng.reporters.JUnitReportReporter -->
<testsuite skipped="0" hostname="DESKTOP-ICSBMB7" name="com.learning.AppiumFramework.testcases.API_Demos.Preference_Test" tests="1" failures="0" timestamp="2021-01-26T15:33:06 IST" time="44.650" errors="0">
  <testcase name="TC_ApiDemos_PreferenceValidation" time="44.650" classname="com.learning.AppiumFramework.testcases.API_Demos.Preference_Test"/>
  <system-out/>
</testsuite> <!-- com.learning.AppiumFramework.testcases.API_Demos.Preference_Test -->
