<?xml version="1.0" encoding="UTF-8"?>
<!-- Generated by org.testng.reporters.JUnitReportReporter -->
<testsuite skipped="0" hostname="DESKTOP-ICSBMB7" name="com.learning.AppiumFramework.testcases.API_Demos.TC_Preference" tests="1" failures="0" timestamp="2021-01-26T20:20:41 IST" time="35.594" errors="0">
  <testcase name="TC_ApiDemos_PreferenceValidation" time="35.594" classname="com.learning.AppiumFramework.testcases.API_Demos.TC_Preference"/>
  <system-out/>
</testsuite> <!-- com.learning.AppiumFramework.testcases.API_Demos.TC_Preference -->
