<?xml version="1.0" encoding="UTF-8"?>
<!-- Generated by org.testng.reporters.JUnitReportReporter -->
<testsuite skipped="1" hostname="DESKTOP-ICSBMB7" name="com.learning.testcases.GenApp.TC_MobileTesting" tests="1" failures="0" timestamp="2021-01-27T00:23:55 IST" time="12.406" errors="0">
  <testcase name="Sprint_MobileTesting" time="12.406" classname="com.learning.testcases.GenApp.TC_MobileTesting">
    <skipped/>
  </testcase> <!-- Sprint_MobileTesting -->
  <system-out/>
</testsuite> <!-- com.learning.testcases.GenApp.TC_MobileTesting -->
