<?xml version="1.0" encoding="UTF-8"?>
<!-- Generated by org.testng.reporters.JUnitReportReporter -->
<testsuite skipped="0" hostname="DESKTOP-ICSBMB7" name="com.learning.AppiumFramework.testcases.GenApp.TC_MobGestures" tests="1" failures="0" timestamp="2021-01-26T22:47:43 IST" time="52.491" errors="0">
  <testcase name="TC_AmountValidation" time="52.491" classname="com.learning.AppiumFramework.testcases.GenApp.TC_MobGestures"/>
  <system-out/>
</testsuite> <!-- com.learning.AppiumFramework.testcases.GenApp.TC_MobGestures -->
