<?xml version="1.0" encoding="UTF-8"?>
<!-- Generated by org.testng.reporters.JUnitReportReporter -->
<testsuite skipped="0" hostname="DESKTOP-ICSBMB7" name="com.learning.testcases.GenApp.TC_DataProvider" tests="3" failures="0" timestamp="2021-01-27T01:07:27 IST" time="146.784" errors="0">
  <testcase name="Sprint_AmountValidation" time="41.457" classname="com.learning.testcases.GenApp.TC_DataProvider"/>
  <system-out/>
  <testcase name="Sprint_AmountValidation" time="42.915" classname="com.learning.testcases.GenApp.TC_DataProvider"/>
  <system-out/>
  <testcase name="Sprint_AmountValidation" time="62.412" classname="com.learning.testcases.GenApp.TC_DataProvider"/>
  <system-out/>
</testsuite> <!-- com.learning.testcases.GenApp.TC_DataProvider -->
