<?xml version="1.0" encoding="UTF-8"?>
<!-- Generated by org.testng.reporters.JUnitReportReporter -->
<testsuite skipped="0" hostname="DESKTOP-ICSBMB7" name="com.learning.AppiumFramework.testcases.GenApp_TC_4_MobGestures" tests="1" failures="0" timestamp="2021-01-26T15:19:28 IST" time="67.242" errors="0">
  <testcase name="TC_AmountValidation" time="67.242" classname="com.learning.AppiumFramework.testcases.GenApp_TC_4_MobGestures"/>
  <system-out/>
</testsuite> <!-- com.learning.AppiumFramework.testcases.GenApp_TC_4_MobGestures -->
