<?xml version="1.0" encoding="UTF-8"?>
<!-- Generated by org.testng.reporters.JUnitReportReporter -->
<testsuite skipped="0" hostname="DESKTOP-ICSBMB7" name="com.learning.testcases.GenApp.TC_MobGestures" tests="1" failures="0" timestamp="2021-01-27T00:23:55 IST" time="74.798" errors="0">
  <testcase name="Sprint_AmountValidation" time="74.798" classname="com.learning.testcases.GenApp.TC_MobGestures"/>
  <system-out/>
</testsuite> <!-- com.learning.testcases.GenApp.TC_MobGestures -->
